{"C:\\Users\\igorsobral\\Documents\\teste-visual-nutsjs\\src\\services\\getPosts.js": {"path":"C:\\Users\\igorsobral\\Documents\\teste-visual-nutsjs\\src\\services\\getPosts.js","statementMap":{"0":{"start":{"line":4,"column":17},"end":{"line":8,"column":21}},"1":{"start":{"line":5,"column":2},"end":{"line":8,"column":21}},"2":{"start":{"line":7,"column":19},"end":{"line":7,"column":22}},"3":{"start":{"line":8,"column":18},"end":{"line":8,"column":20}}},"fnMap":{"0":{"name":"(anonymous_0)","decl":{"start":{"line":4,"column":17},"end":{"line":4,"column":18}},"loc":{"start":{"line":5,"column":2},"end":{"line":8,"column":21}},"line":5},"1":{"name":"(anonymous_1)","decl":{"start":{"line":7,"column":10},"end":{"line":7,"column":11}},"loc":{"start":{"line":7,"column":19},"end":{"line":7,"column":22}},"line":7},"2":{"name":"(anonymous_2)","decl":{"start":{"line":8,"column":11},"end":{"line":8,"column":12}},"loc":{"start":{"line":8,"column":18},"end":{"line":8,"column":20}},"line":8}},"branchMap":{},"s":{"0":1,"1":2,"2":1,"3":1},"f":{"0":2,"1":1,"2":1},"b":{},"_coverageSchema":"1a1c01bbd47fc00a2c39e90264f33305004495a9","hash":"6d55fcae774251988d209ddbca664d778e21379b"}
,"C:\\Users\\igorsobral\\Documents\\teste-visual-nutsjs\\src\\services\\getUsers.js": {"path":"C:\\Users\\igorsobral\\Documents\\teste-visual-nutsjs\\src\\services\\getUsers.js","statementMap":{"0":{"start":{"line":4,"column":17},"end":{"line":8,"column":21}},"1":{"start":{"line":5,"column":2},"end":{"line":8,"column":21}},"2":{"start":{"line":7,"column":19},"end":{"line":7,"column":22}},"3":{"start":{"line":8,"column":18},"end":{"line":8,"column":20}}},"fnMap":{"0":{"name":"(anonymous_0)","decl":{"start":{"line":4,"column":17},"end":{"line":4,"column":18}},"loc":{"start":{"line":5,"column":2},"end":{"line":8,"column":21}},"line":5},"1":{"name":"(anonymous_1)","decl":{"start":{"line":7,"column":10},"end":{"line":7,"column":11}},"loc":{"start":{"line":7,"column":19},"end":{"line":7,"column":22}},"line":7},"2":{"name":"(anonymous_2)","decl":{"start":{"line":8,"column":11},"end":{"line":8,"column":12}},"loc":{"start":{"line":8,"column":18},"end":{"line":8,"column":20}},"line":8}},"branchMap":{},"s":{"0":1,"1":2,"2":1,"3":1},"f":{"0":2,"1":1,"2":1},"b":{},"_coverageSchema":"1a1c01bbd47fc00a2c39e90264f33305004495a9","hash":"bbc28ff57c1dcc309020446a79a1c6b7d2d0a781"}
,"C:\\Users\\igorsobral\\Documents\\teste-visual-nutsjs\\src\\services\\letterServices.js": {"path":"C:\\Users\\igorsobral\\Documents\\teste-visual-nutsjs\\src\\services\\letterServices.js","statementMap":{"0":{"start":{"line":2,"column":24},"end":{"line":2,"column":62}},"1":{"start":{"line":6,"column":6},"end":{"line":6,"column":36}},"2":{"start":{"line":6,"column":27},"end":{"line":6,"column":36}},"3":{"start":{"line":7,"column":19},"end":{"line":7,"column":21}},"4":{"start":{"line":8,"column":8},"end":{"line":20,"column":9}},"5":{"start":{"line":9,"column":26},"end":{"line":12,"column":11}},"6":{"start":{"line":14,"column":10},"end":{"line":18,"column":11}},"7":{"start":{"line":15,"column":12},"end":{"line":17,"column":13}},"8":{"start":{"line":16,"column":14},"end":{"line":16,"column":39}},"9":{"start":{"line":19,"column":10},"end":{"line":19,"column":30}},"10":{"start":{"line":21,"column":8},"end":{"line":21,"column":21}},"11":{"start":{"line":25,"column":20},"end":{"line":25,"column":66}},"12":{"start":{"line":26,"column":4},"end":{"line":26,"column":17}},"13":{"start":{"line":30,"column":0},"end":{"line":30,"column":31}}},"fnMap":{"0":{"name":"(anonymous_0)","decl":{"start":{"line":5,"column":2},"end":{"line":5,"column":3}},"loc":{"start":{"line":5,"column":45},"end":{"line":22,"column":3}},"line":5},"1":{"name":"(anonymous_1)","decl":{"start":{"line":24,"column":2},"end":{"line":24,"column":3}},"loc":{"start":{"line":24,"column":26},"end":{"line":27,"column":3}},"line":24}},"branchMap":{"0":{"loc":{"start":{"line":6,"column":6},"end":{"line":6,"column":36}},"type":"if","locations":[{"start":{"line":6,"column":6},"end":{"line":6,"column":36}},{"start":{},"end":{}}],"line":6},"1":{"loc":{"start":{"line":6,"column":9},"end":{"line":6,"column":25}},"type":"binary-expr","locations":[{"start":{"line":6,"column":9},"end":{"line":6,"column":15}},{"start":{"line":6,"column":19},"end":{"line":6,"column":25}}],"line":6},"2":{"loc":{"start":{"line":15,"column":12},"end":{"line":17,"column":13}},"type":"if","locations":[{"start":{"line":15,"column":12},"end":{"line":17,"column":13}},{"start":{},"end":{}}],"line":15}},"s":{"0":3,"1":8,"2":5,"3":3,"4":3,"5":3,"6":3,"7":30,"8":20,"9":3,"10":3,"11":1,"12":1,"13":3},"f":{"0":8,"1":1},"b":{"0":[5,3],"1":[8,3],"2":[20,10]},"_coverageSchema":"1a1c01bbd47fc00a2c39e90264f33305004495a9","hash":"3c6ccf71ecaefa0a0ab14d254168ac8f3bf77a97"}
,"C:\\Users\\igorsobral\\Documents\\teste-visual-nutsjs\\src\\test\\mocks\\invalid-user.js": {"path":"C:\\Users\\igorsobral\\Documents\\teste-visual-nutsjs\\src\\test\\mocks\\invalid-user.js","statementMap":{"0":{"start":{"line":2,"column":2},"end":{"line":26,"column":3}},"1":{"start":{"line":28,"column":0},"end":{"line":28,"column":39}}},"fnMap":{},"branchMap":{},"s":{"0":1,"1":1},"f":{},"b":{},"_coverageSchema":"1a1c01bbd47fc00a2c39e90264f33305004495a9","hash":"dcf12bfdc3aed75f64183c43554e67d97a61cef4"}
,"C:\\Users\\igorsobral\\Documents\\teste-visual-nutsjs\\src\\test\\mocks\\letter.js": {"path":"C:\\Users\\igorsobral\\Documents\\teste-visual-nutsjs\\src\\test\\mocks\\letter.js","statementMap":{"0":{"start":{"line":1,"column":15},"end":{"line":85,"column":1}},"1":{"start":{"line":88,"column":0},"end":{"line":88,"column":23}}},"fnMap":{},"branchMap":{},"s":{"0":3,"1":3},"f":{},"b":{},"_coverageSchema":"1a1c01bbd47fc00a2c39e90264f33305004495a9","hash":"23a87734c782ff534befc5747b69b49807d132e0"}
,"C:\\Users\\igorsobral\\Documents\\teste-visual-nutsjs\\src\\test\\mocks\\posts.js": {"path":"C:\\Users\\igorsobral\\Documents\\teste-visual-nutsjs\\src\\test\\mocks\\posts.js","statementMap":{"0":{"start":{"line":1,"column":24},"end":{"line":62,"column":1}},"1":{"start":{"line":64,"column":0},"end":{"line":64,"column":32}}},"fnMap":{},"branchMap":{},"s":{"0":3,"1":3},"f":{},"b":{},"_coverageSchema":"1a1c01bbd47fc00a2c39e90264f33305004495a9","hash":"b528ec691b50e5372e5cef62f4adf16296ad5d3f"}
,"C:\\Users\\igorsobral\\Documents\\teste-visual-nutsjs\\src\\test\\mocks\\users.js": {"path":"C:\\Users\\igorsobral\\Documents\\teste-visual-nutsjs\\src\\test\\mocks\\users.js","statementMap":{"0":{"start":{"line":2,"column":2},"end":{"line":26,"column":3}},"1":{"start":{"line":28,"column":0},"end":{"line":28,"column":32}}},"fnMap":{},"branchMap":{},"s":{"0":3,"1":3},"f":{},"b":{},"_coverageSchema":"1a1c01bbd47fc00a2c39e90264f33305004495a9","hash":"f3d0221b33306048e56c04fa01ddda27070693a0"}
}
