TN:
SF:src\services\getPosts.js
FN:4,(anonymous_0)
FN:7,(anonymous_1)
FN:8,(anonymous_2)
FNF:3
FNH:3
FNDA:2,(anonymous_0)
FNDA:1,(anonymous_1)
FNDA:1,(anonymous_2)
DA:4,1
DA:5,2
DA:7,1
DA:8,1
LF:4
LH:4
BRF:0
BRH:0
end_of_record
TN:
SF:src\services\getUsers.js
FN:4,(anonymous_0)
FN:7,(anonymous_1)
FN:8,(anonymous_2)
FNF:3
FNH:3
FNDA:2,(anonymous_0)
FNDA:1,(anonymous_1)
FNDA:1,(anonymous_2)
DA:4,1
DA:5,2
DA:7,1
DA:8,1
LF:4
LH:4
BRF:0
BRH:0
end_of_record
TN:
SF:src\services\letterServices.js
FN:5,(anonymous_0)
FN:24,(anonymous_1)
FNF:2
FNH:2
FNDA:8,(anonymous_0)
FNDA:1,(anonymous_1)
DA:2,3
DA:6,8
DA:7,3
DA:8,3
DA:9,3
DA:14,3
DA:15,30
DA:16,20
DA:19,3
DA:21,3
DA:25,1
DA:26,1
DA:30,3
LF:13
LH:13
BRDA:6,0,0,5
BRDA:6,0,1,3
BRDA:6,1,0,8
BRDA:6,1,1,3
BRDA:15,2,0,20
BRDA:15,2,1,10
BRF:6
BRH:6
end_of_record
TN:
SF:src\test\mocks\invalid-user.js
FNF:0
FNH:0
DA:2,1
DA:28,1
LF:2
LH:2
BRF:0
BRH:0
end_of_record
TN:
SF:src\test\mocks\letter.js
FNF:0
FNH:0
DA:1,3
DA:88,3
LF:2
LH:2
BRF:0
BRH:0
end_of_record
TN:
SF:src\test\mocks\posts.js
FNF:0
FNH:0
DA:1,3
DA:64,3
LF:2
LH:2
BRF:0
BRH:0
end_of_record
TN:
SF:src\test\mocks\users.js
FNF:0
FNH:0
DA:2,3
DA:28,3
LF:2
LH:2
BRF:0
BRH:0
end_of_record
